<?xml version="1.0" encoding="UTF-8"?>
<testsuite name="sample.CalculatorTest" tests="2" skipped="0" failures="0" errors="0" timestamp="2024-11-24T17:07:33" hostname="DESKTOP-3KF8GIE" time="0.006">
  <properties/>
  <testcase name="divisionで5と8の除算結果が取得できる" classname="sample.CalculatorTest" time="0.005"/>
  <testcase name="maltiplicationで5と2の乗算結果が取得できる" classname="sample.CalculatorTest" time="0.0"/>
  <system-out><![CDATA[]]></system-out>
  <system-err><![CDATA[]]></system-err>
</testsuite>
